dsi-tools 0
testng 0
Iglu-Telnet-Server 0
storm-cassandra 0
nbscala 0
rssriver 0
tls-writer 0
Multiverse-Portals 0
SpoutcraftAPI 0
ldap-tools 0
droolsjbpm-knowledge 0
ExcelCompare 0
jcommander 0
Wormhole-X-Treme-Worlds-Spawn 0
HBaseWD 0
jansi 0
openblocks 0
swagger-codegen 0
nettosphere 0
elasticsearch-river-couchdb 0
Clu-HitMan 0
lu 0
Jobs 0
jesque 0
functionaljava 0
txtmark 0
cassandra-webconsole 0
jbtimporter 0
archaius 0
selenium-plugin 0
jsap-cli-archetype 0
wolips 0
j4-minimal 0
caelum-stella 0
JavaBeanstalkClient 0
OAuthCommandLine 0
joda-money 0
Axon-trader 0
elasticsearch-river-rabbitmq 0
hbase-dsl 0
CraftBukkit-Bleeding 0
agoncal-application-petstore-ee6 0
rabbitmq-java-client 0
java-classmate 0
skmclauncher 0
hector-jpa 0
DroidAtScreen1 0
VanishNoPacket 0
LogBlock 0
java-c2dm 0
cleo-primer 0
nosql-unit 0
andruil 0
PDT-Extensions 0
play-morphia 0
storm-contrib 0
cassandra-tutorial 0
cloudhopper-smpp 0
list-command-plugin 0
google-app-engine-jappstart 0
stripe-java 0
onebusaway-cli 0
vmrun-java-wrapper 0
elasticsearch-river-mongodb 0
jetpackager 0
odb-jpql-cli 0
TProfiler 0
leveldbjni 0
spring-mvc-quickstart-archetype 0
OSM-binary 0
CTimer 0
stringtemplate4 0
vSpawn 0
maven-thrift-plugin 0
jpatterns 0
extensions 0
serveexec 0
jline 0
CraftBukkitPlusPlus 0
encog-java-workbench 0
hs4j 0
Spoutcraft-Launcher 0
forge-curl-plugin 0
CommandTicks 0
Moneychanger 0
autorun 0
Jibber 0
antlr 0
nash 0
SpoutcraftLauncher 0
jPOS 0
frames 0
spring-mvc-31-demo 0
android-archetypes 0
trevni 0
restfb 0
robotium 0
HawkEye 0
liblinear-java 0
jline2 0
SpoutWallet 0
inspektr 0
json-schema-validator 0
embedmongo.flapdoodle.de 0
sign-in-with-twitter 0
Processing-command-line-arguments-in-Java 0
fb-tools 0
Symfony-2-Eclipse-Plugin 0
infinispan-quickstart 0
athena 0
CraftBukkit 0
maven-remote-exec-plugin 0
haivvreo 0
jreversepro 0
EggShell 0
gwt-maven-archetypes 0
WebWorks 0
cdk 0
xAuth 0
hbase-book 0
SpoutPlugin 0
conga-mokol 0
cli-wm-browse 0
android-emulator-plugin 0
cleo 0
menagerie 0
flume-cassandra-plugin 0
opensub-cmd 0
openstack-java-sdk 0
datacube 0
MongoReduce 0
byteman 0
basex-api 0
KeptCollections 0
prairie-ome-tiff 0
CassJMeter 0
votifier 0
hector-examples 0
flyingsaucer 0
jmxstat 0
DiabloMiner 0
m2eclipse-extras 0
elasticsearch-mocksolrplugin 0
s3-wagon-private 0
sbt-plugin 0
Vault 0
commandbook 0
Mongo-Tomcat-Sessions 0
aws-sdk-for-android 0
Socket.IO-Java 0
camel-nailgun 0
vngx-jsch 0
docx4j 0
jessica 0
jxmllint 0
roboguice-sherlock 0
smacklig 0
CommandBlock 0
AcadCoordParser 0
Twig-Eclipse-Plugin 0
tilepacker 0
UnknownCommand 0
wonderdog 0
MiA 0
disruptorWizard 0
MBeanToucher 0
maven-jetty-pluto-embedded 0
mavuno 0
fluxtream-cli 0
zt-zip 0
heapaudit 0
stemshell 0
selenium-screenshot-recorder 0
pegdown 0
ttorrent 0
NoCheat 0
jackson-annotations 0
mcMMO 0.0382753574242936
gwt-bootstrap 0.290221759190356
sicci_for_xcode 0.312825860271116
Spout 0.641858953526162
PermissionsEx 0.68734283319363
github-oauth-plugin 0.78003120124805
liferay-faces 0.788432358454078
molgenis 0.893627824320894
gwt-maven-plugin 1.1353711790393
tapestry-bootstrap 1.42453020812285
resty-gwt 1.54657801546578
JCloisterZone 1.58579432152692
natty 1.76610769163292
grails-maven 1.92247479491515
scala-maven-plugin 2.16926367247174
antlr3 2.2693579655605
GoodData-CL 2.78103941188483
java-cloudfiles 2.91188386225523
calculon 3.16764132553606
Tudu-Lists 3.52941176470588
jira-plugin 3.88229533425047
command-manager 3.95540908905977
coffee-maven-plugin 5.08628519527702
maven-android-plugin 5.5097095901956
greplin-lucene-utils 5.63380281690141
lesscss-maven-plugin 6.01374570446735
brix-cms 6.1302024082938
org.ops4j.pax.exam1 6.2872803482186
org.ops4j.paks.exam 6.2872803482186
org.ops4j.pax.web 6.68032197786402
twilio-java 7.02216710587506
johm 7.07762557077626
visuwall 7.67295597484277
scumd 7.98535893030552
tatami 8.39642119752237
indextank-engine 8.76093414955534
AirReceiver 9.39072947186537
Hive-JSON-Serde 9.583127775037
cuke4duke 9.84915378955114
akela 10.1916697382971
clojure-maven-plugin 10.634098198865
org.ops4j.pax.wicket 10.7931939388809
IpponRecrute 10.9090909090909
mgwt 11.3902563232049
izpack 11.4531233372353
couchdb4j 11.8104118104118
crawler4j 12.4419279907085
jruby-maven-plugins 12.8201396973225
unplutofy 13.8130686517783
bioformats 14.9829482182628
guvnor 15.2719451337569
hawtdispatch 15.5090863828728
jedis 15.6921241050119
spring-roo 15.9613482936097
api 16.0714285714286
xcode-plugin 16.172607879925
ec2-plugin 16.2065683008091
db-migration-cmdline 16.955223880597
meteo 17.2779419433339
scale7-pelops 17.6923076923077
wsn-device-utils 17.7199805542052
REST 17.8737541528239
kitten 18.019306399714
drools-planner 18.2436361478668
jredis 18.3257454575284
clj-ds 18.725707435795
Octobot 19.6493037648272
java-simplegeo 19.8131288931481
java-merge-sort 19.8511166253102
jitescript 19.9533644237175
skype-java-api 20.519512801392
stack 20.6986103467254
ols 20.7344775365977
ImageLoader 20.8333333333333
hotpotato 21.155462184874
usergrid-stack 22.0164761457999
fuse 22.1040279584704
async-http-client 22.3661995610333
cas 22.4221650956869
OrientDB 22.7674203535672
teatrove 23.2009272745297
behemoth 23.2984535605149
Bukkit-Bleeding 23.4874287837503
Bukkit 23.4921568931077
infinitest 23.9188489247348
rest-assured 23.9213986747716
jasmine-maven-plugin 24.1042841896631
log4mongo-java 24.1379310344828
rewrite 24.7685752069354
cobertura-plugin 24.7773464261247
atmosphere 25.0403113705866
console-linenumber-plugin 25.3846153846154
Vanilla 25.4879374751052
b3log-solo 25.5549658122327
jOOQ 26.5692977004351
github-plugin 26.6272189349112
asterisk-java 27.1636915179092
lettuce 27.6581361661033
springside4 27.8630705394191
spring-amqp-samples 28.0243161094225
emergency-service-drools-app 28.3070665988815
violations-plugin 28.6646144825564
Multiverse-Core 28.703130374957
moho 28.708005375312
SpoutAPI 29.4785978509776
shell-task-pool 30.8894878706199
Jetwick 31.2261518309699
Java-Chronicle 31.6793186446954
twitter4j 31.7650293255132
performance-plugin 32.4153572007128
ToHPluginUtils 32.605500734831
webapp-runner 33.0357142857143
slf4j 33.1955440341904
GCViewer 33.529101459469
freehep-argv 34.7167325428195
biojava 34.8422068760674
redis-protocol 34.8799253905339
cucumber-jvm 34.9906932145073
Cinch 35.6171735241503
spring-integration-samples 35.6997455470738
follow 37.04762843901
multiline-tabbar-pluigin 37.5
spring-data-jpa-examples 38.1889763779528
framework 38.5160483534806
bible4j 39.4279023084644
meaningfulweb 39.5296752519597
enterprise 40.2706717280079
jmeter-maven-plugin 40.3363518758085
lucene-interval-fields 40.3654485049834
netty-socketio 41.0244922341697
memcached-session-manager 41.585989339715
jclouds-chef 44.3391521197007
jongo 44.53589391861
prettytime 44.5426642111725
atom-hopper 44.6451612903226
java-sdk 44.9800682201126
emite 45.3114186851211
bobo 45.3888702403713
scribe-java 45.8549222797927
dropwizard 46.3267359946327
LessOr100 46.4729119638826
nutz 46.952588960089
Hudson-GIT-plugin 47.1765546819157
LittleProxy 47.2762993391677
gelfj 47.3009446693657
jbpm 47.3086288236189
scriptus 47.8773887392587
sonatype-aether 48.0214548822782
tomighty 48.4304932735426
arquillian-core 48.660845318462
jandex 49.214899713467
redline-smalltalk 49.7175603765862
git-plugin 49.9609120521173
restfulie-java 50.042028579434
lib-scripty 50.3561289037207
netty-tools 50.6524891251812
zoie 50.9353804874413
microsoft-translator-java-api 51.1606313834726
Java-Thread-Affinity 51.4813634915578
java-cas-client 52.167909417288
mahout 52.377358490566
Sysmon 52.7072442120986
sitebricks 53.064182833174
hayescommandset-test 53.7109375
rayo-server 53.8031982401218
epublib 53.93045924058
patricia-trie 54.1972550271305
crunch 54.2059016393443
cling 54.7327775136539
hadoop-pcap 55.3405572755418
gatein-portal 55.3511502850443
android-rss 55.3557466770915
mvel 55.3743187685247
java-apns 55.5708865125905
high-scale-lib 55.6203847205762
jersey 55.7927751508494
hazelcast 56.767627872669
org.ops4j.pax.runner 57.2660669572475
jamm 57.5842696629214
greplin-zookeeper-utils 58.6776859504132
jackson-module-hibernate 58.6885245901639
wordnik-oss 58.9835934373749
JsonPullParser 58.9972991222147
jaide-s3 59.0308370044053
logback 59.0378833433554
arquillian_deprecated 59.0642593671132
Missile-Command 59.4294770206022
signpost 59.7128757290265
jdeb 59.8984074684239
hibernate-memcached 60.3576751117735
joni 60.6496568900193
com.zwitserloot.cmdreader 60.7370864770749
args4j 60.7725676513117
modeshape 60.8013179162004
jmxutils 61.0271903323263
aclm 61.0983543819365
graphdb 61.6012043246202
openshift-java-client 63.1635863153755
cqrs-lottery 63.2882366429718
speed4j 63.3311170212766
spark 63.8095238095238
redline 63.8656880114739
T3sender 63.8783269961977
ksoap2-android 64.0486725663717
uaa 64.5083664446807
jdbi 64.6532438478747
statshtable 65.7095709570957
maven-git-commit-id-plugin 65.9090909090909
smooks 66.0029887875724
crash 66.1578890528817
hibernate-tools 66.6816773065614
webbit 66.7016439314446
jackson-core 66.9897114314412
cli-test 67.0807453416149
msgpack-java 67.4769934570988
tenpinj 67.6305567544238
lesscss-engine 68.134328358209
spatial4j 68.7098501070664
maven-yamlpom-plugin 68.9240030097818
sitemesh3 69.0642722117202
javaewah 69.0960803484135
Ektorp 69.2511363134901
elasticsearch-jetty 69.5900621118012
java-rest-binding 69.6207970780965
mp3agic 70.1102998291129
MarkdownPapers 70.8706340739366
javaflags 71.2
compress 71.2662752106204
oneinstance 71.4975845410628
cometd 71.6335497919664
pangool 71.984318455971
metrics 72.1004487400759
annotation-cli 72.1252796420582
perf4j 72.5616507297433
pignlproc 72.7341200100427
jgrapht 72.9007468808013
Dempsy 73.0119521912351
config-magic 73.0523627075351
sat3 73.157564344005
low-gc-membuffers 73.6504854368932
droolsjbpm-integration 74.4943619115805
awaitility 74.9536751080914
spring-mobile-samples 75
dbdeploy 75.3086419753086
spring-data-commons 75.3378619949946
pipes 75.3653444676409
blueprints 75.4518752824221
snacktory 76.9404106159239
greplin-bloom-filter 77.0491803278689
spring-hateoas 77.0758122743682
mustache.java 77.1526822558459
cli-parser 77.2648083623693
jsoup 77.5296195452204
twitter-text-java 77.6159448064392
JActor 77.634011090573
spring-cli 78.1443298969072
loop 78.6945920055735
prevayler 78.7087912087912
cassandra-triggers 78.983918128655
snaptree 79.480122324159
JsonPath 79.6580188679245
jgit 79.7979797979798
git-like-cli 79.9007868628122
JEmailer 80.1346801346801
elasticflume 80.5785123966942
scrutineer 80.6541019955654
paper2ebook 80.7142857142857
Journal.IO 80.7240244475788
hoop 80.8020924149956
xpathapi-jaxp 80.9121621621622
query 81.1506919528447
airline 81.1674547529757
leveldb 81.2823665288179
stream-lib 81.6727017871744
logback-gelf 81.9599109131403
java-api-wrapper 82.1981004070556
JDBM3 82.5803748285845
eurekastreams 82.7215572854169
otto 82.9872204472843
mirror 83.1013064896123
telepathy 83.1263616557734
jade4j 83.7215158000755
vcap-java 84.016313847349
graphviz4java 84.2602308499475
jchronic 84.398436674765
command-me 85.028342780927
longcat 85.9934853420195
jolokia 86.1912888625065
gedcomx 86.4044393667374
jmustache 86.5223155103844
descriptors 86.6636731028289
neo4j-clean-remote-db-addon 87.536231884058
smartsprites 87.5445746306673
jbehave-core 87.9976064499874
citrus 88.2565130260521
wikihadoop 88.5350318471338
DiskLruCache 89.159891598916
Hash 89.3303064699205
joda-time 89.9772099112641
dumbster 90.64039408867
snappy 91.2426834759117
odiago-common-flags 91.7553191489362
storm-esper 92.0935412026726
yarrgs 92.1214997626958
fastjson 92.3828241319755
geohash-java 92.4914675767918
springfaces 92.8359212960368
fongo 93.2650392327812
quickstarts 93.5810810810811
markdownj 94.0519105984138
jargs 94.2470389170897
cli 96.8421052631579
JTailPlus 98.4021304926764
css-selectors 99.6274448928904
jopt-simple 99.8908594815825
tdd-tetris-tutorial 100
arguments 100
commad-pattern-with-guice 100
